<?xml version="1.0" encoding="UTF-8"?>
<testng-results ignored="0" total="1" passed="1" failed="0" skipped="0">
  <reporter-output>
  </reporter-output>
  <suite started-at="2023-08-06T23:20:25 IST" name="Default suite" finished-at="2023-08-06T23:20:27 IST" duration-ms="1783">
    <groups>
    </groups>
    <test started-at="2023-08-06T23:20:25 IST" name="Default test" finished-at="2023-08-06T23:20:27 IST" duration-ms="1783">
      <class name="mandatoryHomeWork.foundation.RestApi.Mocking_06_08_2023.MockRecording">
        <test-method signature="record()[pri:0, instance:mandatoryHomeWork.foundation.RestApi.Mocking_06_08_2023.MockRecording@2e005c4b]" started-at="2023-08-06T23:20:25 IST" name="record" finished-at="2023-08-06T23:20:27 IST" duration-ms="1747" status="PASS">
          <reporter-output>
          </reporter-output>
        </test-method> <!-- record -->
      </class> <!-- mandatoryHomeWork.foundation.RestApi.Mocking_06_08_2023.MockRecording -->
    </test> <!-- Default test -->
  </suite> <!-- Default suite -->
</testng-results>
