<?xml version="1.0" encoding="UTF-8"?>
<testng-results ignored="0" total="1" passed="1" failed="0" skipped="0">
  <reporter-output>
  </reporter-output>
  <suite started-at="2023-08-14T22:43:08 IST" name="Default suite" finished-at="2023-08-14T22:43:12 IST" duration-ms="4662">
    <groups>
    </groups>
    <test started-at="2023-08-14T22:43:08 IST" name="Default test" finished-at="2023-08-14T22:43:12 IST" duration-ms="4662">
      <class name="mandatoryHomeWork.foundation.RestApi.Mocking_06_08_2023.CreateBooking_Restful_Booking">
        <test-method signature="createBooking()[pri:0, instance:mandatoryHomeWork.foundation.RestApi.Mocking_06_08_2023.CreateBooking_Restful_Booking@c8c12ac]" started-at="2023-08-14T22:43:08 IST" name="createBooking" finished-at="2023-08-14T22:43:12 IST" duration-ms="4603" status="PASS">
          <reporter-output>
          </reporter-output>
        </test-method> <!-- createBooking -->
      </class> <!-- mandatoryHomeWork.foundation.RestApi.Mocking_06_08_2023.CreateBooking_Restful_Booking -->
    </test> <!-- Default test -->
  </suite> <!-- Default suite -->
</testng-results>
